<?xml version="1.0" encoding="UTF-8"?>
<testsuite xmlns:xsi="http://www.w3.org/2001/XMLSchema-instance" xsi:noNamespaceSchemaLocation="https://maven.apache.org/surefire/maven-surefire-plugin/xsd/surefire-test-report-3.0.xsd" version="3.0" name="com.uvg.digital.UvgApplicationTests" time="3.753" tests="1" errors="0" skipped="0" failures="0">
  <properties>
[...]
</properties>
  <testcase name="contextLoads" classname="com.uvg.digital.UvgApplicationTests" time="0.331">
    <system-out><![CDATA[17:41:57.319 [main] INFO org.springframework.test.context.support.AnnotationConfigContextLoaderUtils -- Could not detect default configuration classes for test class [com.uvg.digital.UvgApplicationTests]: UvgApplicationTests does not declare any static, non-private, non-final, nested classes annotated with @Configuration.
17:41:57.355 [main] INFO org.springframework.boot.test.context.SpringBootTestContextBootstrapper -- Found @SpringBootConfiguration com.uvg.digital.UvgApplication for test class com.uvg.digital.UvgApplicationTests

  .   ____          _            __ _ _
 /\\ / ___'_ __ _ _(_)_ __  __ _ \ \ \ \
( ( )\___ | '_ | '_| | '_ \/ _` | \ \ \ \
 \\/  ___)| |_)| | | | | || (_| |  ) ) ) )
  '  |____| .__|_| |_|_| |_\__, | / / / /
 =========|_|==============|___/=/_/_/_/

 :: Spring Boot ::                (v3.3.2)

2024-08-12T17:41:57.507+02:00  INFO 4897 --- [           main] com.uvg.digital.UvgApplicationTests      : Starting UvgApplicationTests using Java 21.0.3 with PID 4897 (started by jacksonjosefreireruiz in /Users/jacksonjosefreireruiz/Desktop/Arkamedy/ticuvgpro/SBVuetify/spring-boot3-crud-application)
2024-08-12T17:41:57.508+02:00  INFO 4897 --- [           main] com.uvg.digital.UvgApplicationTests      : No active profile set, falling back to 1 default profile: "default"
2024-08-12T17:41:57.769+02:00  INFO 4897 --- [           main] .s.d.r.c.RepositoryConfigurationDelegate : Bootstrapping Spring Data JPA repositories in DEFAULT mode.
2024-08-12T17:41:57.824+02:00  INFO 4897 --- [           main] .s.d.r.c.RepositoryConfigurationDelegate : Finished Spring Data repository scanning in 52 ms. Found 1 JPA repository interface.
2024-08-12T17:41:57.943+02:00  WARN 4897 --- [           main] trationDelegate$BeanPostProcessorChecker : Bean 'com.azure.spring.cloud.autoconfigure.implementation.jdbc.AzureJdbcAutoConfiguration' of type [com.azure.spring.cloud.autoconfigure.implementation.jdbc.AzureJdbcAutoConfiguration] is not eligible for getting processed by all BeanPostProcessors (for example: not eligible for auto-proxying). Is this bean getting eagerly injected into a currently created BeanPostProcessor []? Check the corresponding BeanPostProcessor declaration and its dependencies.
2024-08-12T17:41:57.945+02:00  WARN 4897 --- [           main] trationDelegate$BeanPostProcessorChecker : Bean 'springTokenCredentialProviderContextProvider' of type [com.azure.spring.cloud.autoconfigure.implementation.jdbc.SpringTokenCredentialProviderContextProvider] is not eligible for getting processed by all BeanPostProcessors (for example: not eligible for auto-proxying). Is this bean getting eagerly injected into a currently created BeanPostProcessor []? Check the corresponding BeanPostProcessor declaration and its dependencies.
2024-08-12T17:41:58.010+02:00  INFO 4897 --- [           main] o.hibernate.jpa.internal.util.LogHelper  : HHH000204: Processing PersistenceUnitInfo [name: default]
2024-08-12T17:41:58.030+02:00  INFO 4897 --- [           main] org.hibernate.Version                    : HHH000412: Hibernate ORM core version 6.5.2.Final
2024-08-12T17:41:58.043+02:00  INFO 4897 --- [           main] o.h.c.internal.RegionFactoryInitiator    : HHH000026: Second-level cache disabled
2024-08-12T17:41:58.154+02:00  INFO 4897 --- [           main] o.s.o.j.p.SpringPersistenceUnitInfo      : No LoadTimeWeaver setup: ignoring JPA class transformer
2024-08-12T17:41:58.163+02:00  INFO 4897 --- [           main] com.zaxxer.hikari.HikariDataSource       : HikariPool-1 - Starting...
2024-08-12T17:41:59.450+02:00  INFO 4897 --- [           main] com.zaxxer.hikari.pool.HikariPool        : HikariPool-1 - Added connection org.postgresql.jdbc.PgConnection@24f90aff
2024-08-12T17:41:59.452+02:00  INFO 4897 --- [           main] com.zaxxer.hikari.HikariDataSource       : HikariPool-1 - Start completed.
2024-08-12T17:41:59.588+02:00  WARN 4897 --- [           main] org.hibernate.orm.deprecation            : HHH90000025: PostgreSQLDialect does not need to be specified explicitly using 'hibernate.dialect' (remove the property setting and it will be selected by default)
2024-08-12T17:42:00.116+02:00  INFO 4897 --- [           main] o.h.e.t.j.p.i.JtaPlatformInitiator       : HHH000489: No JTA platform available (set 'hibernate.transaction.jta.platform' to enable JTA platform integration)
2024-08-12T17:42:00.117+02:00  INFO 4897 --- [           main] j.LocalContainerEntityManagerFactoryBean : Initialized JPA EntityManagerFactory for persistence unit 'default'
2024-08-12T17:42:00.276+02:00  INFO 4897 --- [           main] c.a.c.h.n.implementation.NettyUtility    : {"az.sdk.message":"The following Netty versions were found on the classpath and have a mismatch with the versions used by azure-core-http-netty. If your application runs without issue this message can be ignored, otherwise please align the Netty versions used in your application. For more information, see https://aka.ms/azsdk/java/dependency/troubleshoot.","azure-netty-version":"4.1.110.Final","azure-netty-native-version":"2.0.65.Final","classpath-netty-version-io.netty:netty-common":"4.1.111.Final","classpath-netty-version-io.netty:netty-handler":"4.1.111.Final","classpath-netty-version-io.netty:netty-handler-proxy":"4.1.111.Final","classpath-netty-version-io.netty:netty-buffer":"4.1.111.Final","classpath-netty-version-io.netty:netty-codec":"4.1.111.Final","classpath-netty-version-io.netty:netty-codec-http":"4.1.111.Final","classpath-netty-version-io.netty:netty-codec-http2":"4.1.111.Final","classpath-netty-version-io.netty:netty-transport-native-unix-common":"4.1.111.Final","classpath-netty-version-io.netty:netty-transport-native-epoll":"4.1.111.Final","classpath-netty-version-io.netty:netty-transport-native-kqueue":"4.1.111.Final","classpath-native-netty-version-io.netty:netty-tcnative-boringssl-static":"2.0.65.Final"}
2024-08-12T17:42:00.333+02:00  WARN 4897 --- [           main] JpaBaseConfiguration$JpaWebConfiguration : spring.jpa.open-in-view is enabled by default. Therefore, database queries may be performed during view rendering. Explicitly configure spring.jpa.open-in-view to disable this warning
2024-08-12T17:42:00.345+02:00  WARN 4897 --- [           main] .s.s.UserDetailsServiceAutoConfiguration : 

Using generated security password: 5fc3420b-c34a-492a-81cf-f00c6d846eee

This generated password is for development use only. Your security configuration must be updated before running your application in production.

2024-08-12T17:42:00.347+02:00  INFO 4897 --- [           main] r$InitializeUserDetailsManagerConfigurer : Global AuthenticationManager configured with UserDetailsService bean with name inMemoryUserDetailsManager
2024-08-12T17:42:00.569+02:00  INFO 4897 --- [           main] AbstractAzureServiceClientBuilderFactory : Will configure the default credential of type DefaultAzureCredential for class com.azure.identity.DefaultAzureCredentialBuilder.
2024-08-12T17:42:00.612+02:00  INFO 4897 --- [           main] com.uvg.digital.UvgApplicationTests      : Started UvgApplicationTests in 3.205 seconds (process running for 3.675)
]]></system-out>
    <system-err><![CDATA[WARNING: A Java agent has been loaded dynamically (/Users/jacksonjosefreireruiz/.m2/repository/net/bytebuddy/byte-buddy-agent/1.14.18/byte-buddy-agent-1.14.18.jar)
WARNING: If a serviceability tool is in use, please run with -XX:+EnableDynamicAgentLoading to hide this warning
WARNING: If a serviceability tool is not in use, please run with -Djdk.instrument.traceUsage for more information
WARNING: Dynamic loading of agents will be disallowed by default in a future release
]]></system-err>
  </testcase>
</testsuite>